<?xml version="1.0" encoding="UTF-8"?>
<!-- Generated by org.testng.reporters.JUnitXMLReporter -->
<testsuite hostname="DESKTOP-J4EJ3T9" ignored="0" name="Test" tests="5" failures="5" timestamp="2020-07-13T00:32:54 IST" time="24.75" errors="0">
  <testcase name="basePageNavigation" time="7.318" classname="ndtv.Weather">
    <failure type="java.lang.AssertionError" message="Temp comparision for city: Meerut ,UI Temp: 37 , API Temp: 31.81 expected [true] but found [false]">
      <![CDATA[java.lang.AssertionError: Temp comparision for city: Meerut ,UI Temp: 37 , API Temp: 31.81 expected [true] but found [false]
at ndtv.Weather.basePageNavigation(Weather.java:157)
at java.util.ArrayList.forEach(Unknown Source)
... Removed 30 stack frames]]>
    </failure>
  </testcase> <!-- basePageNavigation -->
  <testcase name="basePageNavigation" time="2.266" classname="ndtv.Weather">
    <failure type="java.lang.AssertionError" message="Temp comparision for city: New Delhi ,UI Temp: 37 , API Temp: 29 expected [true] but found [false]">
      <![CDATA[java.lang.AssertionError: Temp comparision for city: New Delhi ,UI Temp: 37 , API Temp: 29 expected [true] but found [false]
at ndtv.Weather.basePageNavigation(Weather.java:157)
at java.util.ArrayList.forEach(Unknown Source)
... Removed 30 stack frames]]>
    </failure>
  </testcase> <!-- basePageNavigation -->
  <testcase name="basePageNavigation" time="2.312" classname="ndtv.Weather">
    <failure type="java.lang.AssertionError" message="Temp comparision for city: Jaipur ,UI Temp: 36 , API Temp: 29 expected [true] but found [false]">
      <![CDATA[java.lang.AssertionError: Temp comparision for city: Jaipur ,UI Temp: 36 , API Temp: 29 expected [true] but found [false]
at ndtv.Weather.basePageNavigation(Weather.java:157)
at java.util.ArrayList.forEach(Unknown Source)
... Removed 30 stack frames]]>
    </failure>
  </testcase> <!-- basePageNavigation -->
  <testcase name="basePageNavigation" time="2.281" classname="ndtv.Weather">
    <failure type="java.lang.AssertionError" message="Temp comparision for city: Amritsar ,UI Temp: 32 , API Temp: 25 expected [true] but found [false]">
      <![CDATA[java.lang.AssertionError: Temp comparision for city: Amritsar ,UI Temp: 32 , API Temp: 25 expected [true] but found [false]
at ndtv.Weather.basePageNavigation(Weather.java:157)
at java.util.ArrayList.forEach(Unknown Source)
... Removed 30 stack frames]]>
    </failure>
  </testcase> <!-- basePageNavigation -->
  <testcase name="basePageNavigation" time="2.194" classname="ndtv.Weather">
    <failure type="java.lang.AssertionError" message="Temp comparision for city: Jammu ,UI Temp: 33 , API Temp: 29 expected [true] but found [false]">
      <![CDATA[java.lang.AssertionError: Temp comparision for city: Jammu ,UI Temp: 33 , API Temp: 29 expected [true] but found [false]
at ndtv.Weather.basePageNavigation(Weather.java:157)
at java.util.ArrayList.forEach(Unknown Source)
... Removed 30 stack frames]]>
    </failure>
  </testcase> <!-- basePageNavigation -->
</testsuite> <!-- Test -->
