<?xml version="1.0" encoding="UTF-8"?>
<!-- Generated by org.testng.reporters.JUnitXMLReporter -->
<testsuite hostname="DESKTOP-J4EJ3T9" ignored="2" name="Default test" tests="5" failures="0" timestamp="2020-07-12T21:00:02 IST" time="56.706" errors="0">
  <testcase name="b" time="21.01" classname="ndtv.Weather"/>
  <testcase name="b" time="6.265" classname="ndtv.Weather"/>
  <testcase name="b" time="5.017" classname="ndtv.Weather"/>
  <testcase name="b" time="5.153" classname="ndtv.Weather"/>
  <testcase name="b" time="17.38" classname="ndtv.Weather"/>
  <testcase name="c" time="0.0" classname="ndtv.Weather">
    <ignored/>
  </testcase> <!-- c -->
  <testcase name="a" time="0.0" classname="ndtv.Weather">
    <ignored/>
  </testcase> <!-- a -->
</testsuite> <!-- Default test -->
